<?xml version="1.0" encoding="UTF-8"?>
<!-- Generated by org.testng.reporters.JUnitXMLReporter -->
<testsuite hostname="PTPLL325" ignored="0" name="Default test" tests="4" failures="0" timestamp="08 Jun 2017 06:05:37 GMT" time="0.051" errors="0">
  <testcase name="testCase1" time="0.004" classname="pkg01.sampleFactory"/>
  <testcase name="testCase1" time="0.0" classname="pkg01.sampleFactory"/>
  <testcase name="testCase2" time="0.0" classname="pkg01.sampleFactory"/>
  <testcase name="testCase2" time="0.0" classname="pkg01.sampleFactory"/>
</testsuite> <!-- Default test -->
