<?xml version="1.0" encoding="UTF-8"?>
<!-- Generated by org.testng.reporters.JUnitXMLReporter -->
<testsuite hostname="PTPLL325" ignored="4" name="GroupTest" tests="2" failures="0" timestamp="01 Jun 2017 07:14:24 GMT" time="0.011" errors="0">
  <testcase name="testCase3" time="0.003" classname="com.sample.testng.SuiteSample1"/>
  <testcase name="testCase3" time="0.002" classname="com.sample.testng.SuiteSample2"/>
  <testcase name="testCase2" time="0.0" classname="com.sample.testng.SuiteSample1">
    <ignored/>
  </testcase> <!-- testCase2 -->
  <testcase name="testCase2" time="0.0" classname="com.sample.testng.SuiteSample2">
    <ignored/>
  </testcase> <!-- testCase2 -->
  <testcase name="testCase1" time="0.0" classname="com.sample.testng.SuiteSample2">
    <ignored/>
  </testcase> <!-- testCase1 -->
  <testcase name="testCase1" time="0.0" classname="com.sample.testng.SuiteSample1">
    <ignored/>
  </testcase> <!-- testCase1 -->
</testsuite> <!-- GroupTest -->
