<?xml version="1.0" encoding="UTF-8"?>
<!-- Generated by org.testng.reporters.JUnitXMLReporter -->
<testsuite hostname="PTPLL325" ignored="0" name="Test1" tests="6" failures="0" timestamp="01 Jun 2017 07:14:24 GMT" time="0.136" errors="0">
  <testcase name="testCase1" time="0.01" classname="com.sample.testng.SuiteSample1"/>
  <testcase name="testCase2" time="0.007" classname="com.sample.testng.SuiteSample1"/>
  <testcase name="testCase3" time="0.009" classname="com.sample.testng.SuiteSample1"/>
  <testcase name="testCase1" time="0.001" classname="com.sample.testng.SuiteSample2"/>
  <testcase name="testCase2" time="0.002" classname="com.sample.testng.SuiteSample2"/>
  <testcase name="testCase3" time="0.002" classname="com.sample.testng.SuiteSample2"/>
</testsuite> <!-- Test1 -->
